set trace print
Partition at step 0:
P=0 w=729.61 s=0-200
P=1 w=200 s=200-400
P=2 w=200 s=400-600
P=3 w=200 s=600-800
P=4 w=200 s=800-1000
P=5 w=200 s=1000-1200
P=6 w=200 s=1200-1400
P=7 w=200 s=1400-1600
P=8 w=200 s=1600-1800
P=9 w=200 s=1800-2000
P=10 w=200 s=2000-2200
P=11 w=200 s=2200-2400
P=12 w=200 s=2400-2600
P=13 w=200 s=2600-2800
P=14 w=200 s=2800-3000
P=15 w=200 s=3000-3200
Partition at step 1:
P=0 w=1134.65 s=0-132
P=1 w=37 s=132-169
P=2 w=216 s=169-385
P=3 w=217 s=385-602
P=4 w=216 s=602-818
P=5 w=217 s=818-1035
P=6 w=217 s=1035-1252
P=7 w=216 s=1252-1468
P=8 w=217 s=1468-1685
P=9 w=216 s=1685-1901
P=10 w=217 s=1901-2118
P=11 w=216 s=2118-2334
P=12 w=217 s=2334-2551
P=13 w=216 s=2551-2767
P=14 w=217 s=2767-2984
P=15 w=216 s=2984-3200
Partition at step 2:
P=0 w=1078.01 s=0-82
P=1 w=5.74573 s=82-84
P=2 w=3.72369 s=84-86
P=3 w=241.174 s=86-326
P=4 w=239 s=326-565
P=5 w=240 s=565-805
P=6 w=240 s=805-1045
P=7 w=239 s=1045-1284
P=8 w=240 s=1284-1524
P=9 w=239 s=1524-1763
P=10 w=240 s=1763-2003
P=11 w=239 s=2003-2242
P=12 w=240 s=2242-2482
P=13 w=239 s=2482-2721
P=14 w=240 s=2721-2961
P=15 w=239 s=2961-3200
Partition at step 3:
P=0 w=51 s=0-51
P=1 w=2 s=51-53
P=2 w=2 s=53-55
P=3 w=1135.65 s=55-188
P=4 w=250 s=188-438
P=5 w=252 s=438-690
P=6 w=251 s=690-941
P=7 w=251 s=941-1192
P=8 w=251 s=1192-1443
P=9 w=251 s=1443-1694
P=10 w=251 s=1694-1945
P=11 w=251 s=1945-2196
P=12 w=252 s=2196-2448
P=13 w=250 s=2448-2698
P=14 w=252 s=2698-2950
P=15 w=250 s=2950-3200
Partition at step 4:
P=0 w=1158.6 s=0-156
P=1 w=133.05 s=156-289
P=2 w=132 s=289-421
P=3 w=2 s=421-423
P=4 w=2 s=423-425
P=5 w=207 s=425-632
P=6 w=257 s=632-889
P=7 w=257 s=889-1146
P=8 w=257 s=1146-1403
P=9 w=257 s=1403-1660
P=10 w=256 s=1660-1916
P=11 w=257 s=1916-2173
P=12 w=258 s=2173-2431
P=13 w=256 s=2431-2687
P=14 w=257 s=2687-2944
P=15 w=256 s=2944-3200
Partition at step 5:
P=0 w=96 s=0-96
P=1 w=2 s=96-98
P=2 w=6 s=98-104
P=3 w=1134.65 s=104-236
P=4 w=132 s=236-368
P=5 w=235 s=368-603
P=6 w=260 s=603-863
P=7 w=260 s=863-1123
P=8 w=260 s=1123-1383
P=9 w=260 s=1383-1643
P=10 w=259 s=1643-1902
P=11 w=260 s=1902-2162
P=12 w=260 s=2162-2422
P=13 w=259 s=2422-2681
P=14 w=260 s=2681-2941
P=15 w=259 s=2941-3200
Partition at step 6:
P=0 w=207.091 s=0-179
P=1 w=1106.56 s=179-311
P=2 w=134 s=311-445
P=3 w=2 s=445-447
P=4 w=2 s=447-449
P=5 w=140 s=449-589
P=6 w=261 s=589-850
P=7 w=261 s=850-1111
P=8 w=262 s=1111-1373
P=9 w=261 s=1373-1634
P=10 w=261 s=1634-1895
P=11 w=261 s=1895-2156
P=12 w=262 s=2156-2418
P=13 w=260 s=2418-2678
P=14 w=262 s=2678-2940
P=15 w=260 s=2940-3200
Partition at step 7:
P=0 w=204.174 s=0-203
P=1 w=1062.48 s=203-264
P=2 w=2.00001 s=264-266
P=3 w=2 s=266-268
P=4 w=112 s=268-380
P=5 w=202 s=380-582
P=6 w=262 s=582-844
P=7 w=261 s=844-1105
P=8 w=263 s=1105-1368
P=9 w=262 s=1368-1630
P=10 w=261 s=1630-1891
P=11 w=262 s=1891-2153
P=12 w=263 s=2153-2416
P=13 w=261 s=2416-2677
P=14 w=262 s=2677-2939
P=15 w=261 s=2939-3200
Partition at step 8:
P=0 w=232.263 s=0-232
P=1 w=38.8275 s=232-243
P=2 w=25.8407 s=243-245
P=3 w=39.679 s=245-247
P=4 w=1012.04 s=247-346
P=5 w=232 s=346-578
P=6 w=263 s=578-841
P=7 w=261 s=841-1102
P=8 w=263 s=1102-1365
P=9 w=263 s=1365-1628
P=10 w=261 s=1628-1889
P=11 w=263 s=1889-2152
P=12 w=263 s=2152-2415
P=13 w=261 s=2415-2676
P=14 w=263 s=2676-2939
P=15 w=261 s=2939-3200
Partition at step 9:
P=0 w=247 s=0-247
P=1 w=121.61 s=247-279
P=2 w=56.9931 s=279-281
P=3 w=76.1219 s=281-283
P=4 w=845.926 s=283-345
P=5 w=231 s=345-576
P=6 w=263 s=576-839
P=7 w=262 s=839-1101
P=8 w=263 s=1101-1364
P=9 w=263 s=1364-1627
P=10 w=261 s=1627-1888
P=11 w=263 s=1888-2151
P=12 w=263 s=2151-2414
P=13 w=262 s=2414-2676
P=14 w=263 s=2676-2939
P=15 w=261 s=2939-3200
Partition at step 10:
P=0 w=254 s=0-254
P=1 w=46.1739 s=254-299
P=2 w=3.72369 s=299-301
P=3 w=5.74573 s=301-303
P=4 w=1036.57 s=303-344
P=5 w=231.441 s=344-575
P=6 w=263 s=575-838
P=7 w=262 s=838-1100
P=8 w=263 s=1100-1363
P=9 w=263 s=1363-1626
P=10 w=262 s=1626-1888
P=11 w=263 s=1888-2151
P=12 w=263 s=2151-2414
P=13 w=262 s=2414-2676
P=14 w=263 s=2676-2939
P=15 w=261 s=2939-3200
Partition at step 11:
P=0 w=258 s=0-258
P=1 w=1152.65 s=258-408
P=2 w=23 s=408-431
P=3 w=2 s=431-433
P=4 w=2 s=433-435
P=5 w=140 s=435-575
P=6 w=263 s=575-838
P=7 w=262 s=838-1100
P=8 w=263 s=1100-1363
P=9 w=263 s=1363-1626
P=10 w=262 s=1626-1888
P=11 w=263 s=1888-2151
P=12 w=263 s=2151-2414
P=13 w=262 s=2414-2676
P=14 w=263 s=2676-2939
P=15 w=261 s=2939-3200
Partition at step 12:
P=0 w=260 s=0-260
P=1 w=91.0011 s=260-351
P=2 w=2.00307 s=351-353
P=3 w=2.01077 s=353-355
P=4 w=69.9164 s=355-373
P=5 w=1152.72 s=373-575
P=6 w=263 s=575-838
P=7 w=262 s=838-1100
P=8 w=263 s=1100-1363
P=9 w=263 s=1363-1626
P=10 w=262 s=1626-1888
P=11 w=263 s=1888-2151
P=12 w=263 s=2151-2414
P=13 w=262 s=2414-2676
P=14 w=263 s=2676-2939
P=15 w=261 s=2939-3200
Partition at step 13:
P=0 w=261 s=0-261
P=1 w=1178.48 s=261-438
P=2 w=133.174 s=438-570
P=3 w=130 s=570-700
P=4 w=2 s=700-702
P=5 w=2 s=702-704
P=6 w=134 s=704-838
P=7 w=262 s=838-1100
P=8 w=263 s=1100-1363
P=9 w=263 s=1363-1626
P=10 w=262 s=1626-1888
P=11 w=263 s=1888-2151
P=12 w=263 s=2151-2414
P=13 w=262 s=2414-2676
P=14 w=263 s=2676-2939
P=15 w=261 s=2939-3200
Partition at step 14:
P=0 w=261 s=0-261
P=1 w=109 s=261-370
P=2 w=2 s=370-372
P=3 w=3 s=372-375
P=4 w=1134.65 s=375-507
P=5 w=132 s=507-639
P=6 w=199 s=639-838
P=7 w=262 s=838-1100
P=8 w=263 s=1100-1363
P=9 w=263 s=1363-1626
P=10 w=262 s=1626-1888
P=11 w=263 s=1888-2151
P=12 w=263 s=2151-2414
P=13 w=262 s=2414-2676
P=14 w=263 s=2676-2939
P=15 w=261 s=2939-3200
Partition at step 15:
P=0 w=261 s=0-261
P=1 w=186.001 s=261-447
P=2 w=1134.65 s=447-579
P=3 w=133 s=579-712
P=4 w=2 s=712-714
P=5 w=2 s=714-716
P=6 w=122 s=716-838
P=7 w=262 s=838-1100
P=8 w=263 s=1100-1363
P=9 w=263 s=1363-1626
P=10 w=262 s=1626-1888
P=11 w=263 s=1888-2151
P=12 w=263 s=2151-2414
P=13 w=262 s=2414-2676
P=14 w=263 s=2676-2939
P=15 w=261 s=2939-3200
Partition at step 16:
P=0 w=261 s=0-261
P=1 w=225.088 s=261-486
P=2 w=1047.7 s=486-533
P=3 w=3.13489 s=533-535
P=4 w=2.46346 s=535-537
P=5 w=108.263 s=537-645
P=6 w=193 s=645-838
P=7 w=262 s=838-1100
P=8 w=263 s=1100-1363
P=9 w=263 s=1363-1626
P=10 w=262 s=1626-1888
P=11 w=263 s=1888-2151
P=12 w=263 s=2151-2414
P=13 w=262 s=2414-2676
P=14 w=263 s=2676-2939
P=15 w=261 s=2939-3200
Partition at step 17:
P=0 w=261 s=0-261
P=1 w=244 s=261-505
P=2 w=12.0498 s=505-517
P=3 w=2.10417 s=517-519
P=4 w=2.28746 s=519-521
P=5 w=1091.21 s=521-610
P=6 w=228 s=610-838
P=7 w=262 s=838-1100
P=8 w=263 s=1100-1363
P=9 w=263 s=1363-1626
P=10 w=262 s=1626-1888
P=11 w=263 s=1888-2151
P=12 w=263 s=2151-2414
P=13 w=262 s=2414-2676
P=14 w=263 s=2676-2939
P=15 w=261 s=2939-3200
Partition at step 18:
P=0 w=261 s=0-261
P=1 w=254 s=261-515
P=2 w=1138.65 s=515-651
P=3 w=120 s=651-771
P=4 w=96 s=771-867
P=5 w=2 s=867-869
P=6 w=2 s=869-871
P=7 w=229 s=871-1100
P=8 w=263 s=1100-1363
P=9 w=263 s=1363-1626
P=10 w=262 s=1626-1888
P=11 w=263 s=1888-2151
P=12 w=263 s=2151-2414
P=13 w=262 s=2414-2676
P=14 w=263 s=2676-2939
P=15 w=261 s=2939-3200
Partition at step 19:
P=0 w=261 s=0-261
P=1 w=259 s=261-520
P=2 w=194.775 s=520-600
P=3 w=66.4835 s=600-602
P=4 w=85.5222 s=602-604
P=5 w=857.87 s=604-722
P=6 w=132 s=722-854
P=7 w=246 s=854-1100
P=8 w=263 s=1100-1363
P=9 w=263 s=1363-1626
P=10 w=262 s=1626-1888
P=11 w=263 s=1888-2151
P=12 w=263 s=2151-2414
P=13 w=262 s=2414-2676
P=14 w=263 s=2676-2939
P=15 w=261 s=2939-3200
Partition at step 20:
P=0 w=261 s=0-261
P=1 w=261 s=261-522
P=2 w=93.1539 s=522-615
P=3 w=2.28746 s=615-617
P=4 w=2.7325 s=617-619
P=5 w=1094.48 s=619-712
P=6 w=134 s=712-846
P=7 w=254 s=846-1100
P=8 w=263 s=1100-1363
P=9 w=263 s=1363-1626
P=10 w=262 s=1626-1888
P=11 w=263 s=1888-2151
P=12 w=263 s=2151-2414
P=13 w=262 s=2414-2676
P=14 w=263 s=2676-2939
P=15 w=261 s=2939-3200
Partition at step 21:
P=0 w=261 s=0-261
P=1 w=262 s=261-523
P=2 w=1180.62 s=523-701
P=3 w=105.028 s=701-806
P=4 w=66 s=806-872
P=5 w=2 s=872-874
P=6 w=2 s=874-876
P=7 w=224 s=876-1100
P=8 w=263 s=1100-1363
P=9 w=263 s=1363-1626
P=10 w=262 s=1626-1888
P=11 w=263 s=1888-2151
P=12 w=263 s=2151-2414
P=13 w=262 s=2414-2676
P=14 w=263 s=2676-2939
P=15 w=261 s=2939-3200
Partition at step 22:
P=0 w=261 s=0-261
P=1 w=263 s=261-524
P=2 w=108 s=524-632
P=3 w=2 s=632-634
P=4 w=2 s=634-636
P=5 w=1087.75 s=636-724
P=6 w=135.898 s=724-857
P=7 w=243 s=857-1100
P=8 w=263 s=1100-1363
P=9 w=263 s=1363-1626
P=10 w=262 s=1626-1888
P=11 w=263 s=1888-2151
P=12 w=263 s=2151-2414
P=13 w=262 s=2414-2676
P=14 w=263 s=2676-2939
P=15 w=261 s=2939-3200
Partition at step 23:
P=0 w=261 s=0-261
P=1 w=263 s=261-524
P=2 w=185.05 s=524-709
P=3 w=1135.6 s=709-842
P=4 w=132 s=842-974
P=5 w=2 s=974-976
P=6 w=2 s=976-978
P=7 w=122 s=978-1100
P=8 w=263 s=1100-1363
P=9 w=263 s=1363-1626
P=10 w=262 s=1626-1888
P=11 w=263 s=1888-2151
P=12 w=263 s=2151-2414
P=13 w=262 s=2414-2676
P=14 w=263 s=2676-2939
P=15 w=261 s=2939-3200
Partition at step 24:
P=0 w=261 s=0-261
P=1 w=263 s=261-524
P=2 w=225.862 s=524-748
P=3 w=1048.74 s=748-796
P=4 w=2.03486 s=796-798
P=5 w=2.01077 s=798-800
P=6 w=108.004 s=800-908
P=7 w=192 s=908-1100
P=8 w=263 s=1100-1363
P=9 w=263 s=1363-1626
P=10 w=262 s=1626-1888
P=11 w=263 s=1888-2151
P=12 w=263 s=2151-2414
P=13 w=262 s=2414-2676
P=14 w=263 s=2676-2939
P=15 w=261 s=2939-3200
Partition at step 25:
P=0 w=261 s=0-261
P=1 w=263 s=261-524
P=2 w=242.001 s=524-766
P=3 w=14.1734 s=766-779
P=4 w=3.72369 s=779-781
P=5 w=5.74573 s=781-783
P=6 w=1086.01 s=783-873
P=7 w=227 s=873-1100
P=8 w=263 s=1100-1363
P=9 w=263 s=1363-1626
P=10 w=262 s=1626-1888
P=11 w=263 s=1888-2151
P=12 w=263 s=2151-2414
P=13 w=262 s=2414-2676
P=14 w=263 s=2676-2939
P=15 w=261 s=2939-3200
Partition at step 26:
P=0 w=261 s=0-261
P=1 w=263 s=261-524
P=2 w=252 s=524-776
P=3 w=1129.65 s=776-903
P=4 w=20 s=903-923
P=5 w=2 s=923-925
P=6 w=2 s=925-927
P=7 w=173 s=927-1100
P=8 w=263 s=1100-1363
P=9 w=263 s=1363-1626
P=10 w=262 s=1626-1888
P=11 w=263 s=1888-2151
P=12 w=263 s=2151-2414
P=13 w=262 s=2414-2676
P=14 w=263 s=2676-2939
P=15 w=261 s=2939-3200
Partition at step 27:
P=0 w=261 s=0-261
P=1 w=263 s=261-524
P=2 w=257 s=524-781
P=3 w=163.61 s=781-855
P=4 w=56.9931 s=855-857
P=5 w=76.1219 s=857-859
P=6 w=800.283 s=859-882
P=7 w=224.643 s=882-1100
P=8 w=263 s=1100-1363
P=9 w=263 s=1363-1626
P=10 w=262 s=1626-1888
P=11 w=263 s=1888-2151
P=12 w=263 s=2151-2414
P=13 w=262 s=2414-2676
P=14 w=263 s=2676-2939
P=15 w=261 s=2939-3200
Partition at step 28:
P=0 w=261 s=0-261
P=1 w=263 s=261-524
P=2 w=260 s=524-784
P=3 w=98.4279 s=784-878
P=4 w=7.35931 s=878-880
P=5 w=12.3353 s=880-882
P=6 w=20.4062 s=882-884
P=7 w=1180.12 s=884-1100
P=8 w=263 s=1100-1363
P=9 w=263 s=1363-1626
P=10 w=262 s=1626-1888
P=11 w=263 s=1888-2151
P=12 w=263 s=2151-2414
P=13 w=262 s=2414-2676
P=14 w=263 s=2676-2939
P=15 w=261 s=2939-3200
Partition at step 29:
P=0 w=261 s=0-261
P=1 w=263 s=261-524
P=2 w=261 s=524-785
P=3 w=1175.64 s=785-958
P=4 w=2.01077 s=958-960
P=5 w=2.00307 s=960-962
P=6 w=2.00081 s=962-964
P=7 w=136 s=964-1100
P=8 w=263 s=1100-1363
P=9 w=263 s=1363-1626
P=10 w=262 s=1626-1888
P=11 w=263 s=1888-2151
P=12 w=263 s=2151-2414
P=13 w=262 s=2414-2676
P=14 w=263 s=2676-2939
P=15 w=261 s=2939-3200
Partition at step 30:
P=0 w=261 s=0-261
P=1 w=263 s=261-524
P=2 w=262 s=524-786
P=3 w=106 s=786-892
P=4 w=2 s=892-894
P=5 w=2 s=894-896
P=6 w=5 s=896-901
P=7 w=1201.65 s=901-1100
P=8 w=263 s=1100-1363
P=9 w=263 s=1363-1626
P=10 w=262 s=1626-1888
P=11 w=263 s=1888-2151
P=12 w=263 s=2151-2414
P=13 w=262 s=2414-2676
P=14 w=263 s=2676-2939
P=15 w=261 s=2939-3200
Partition at step 31:
P=0 w=261 s=0-261
P=1 w=263 s=261-524
P=2 w=262 s=524-786
P=3 w=186.174 s=786-971
P=4 w=1133.48 s=971-1103
P=5 w=132 s=1103-1235
P=6 w=134 s=1235-1369
P=7 w=2 s=1369-1371
P=8 w=2 s=1371-1373
P=9 w=253 s=1373-1626
P=10 w=262 s=1626-1888
P=11 w=263 s=1888-2151
P=12 w=263 s=2151-2414
P=13 w=262 s=2414-2676
P=14 w=263 s=2676-2939
P=15 w=261 s=2939-3200
Partition at step 32:
P=0 w=261 s=0-261
P=1 w=263 s=261-524
P=2 w=262 s=524-786
P=3 w=237.16 s=786-1009
P=4 w=1036.49 s=1009-1057
P=5 w=2.00159 s=1057-1059
P=6 w=44.0005 s=1059-1103
P=7 w=132 s=1103-1235
P=8 w=133 s=1235-1368
P=9 w=258 s=1368-1626
P=10 w=262 s=1626-1888
P=11 w=263 s=1888-2151
P=12 w=263 s=2151-2414
P=13 w=262 s=2414-2676
P=14 w=263 s=2676-2939
P=15 w=261 s=2939-3200
Partition at step 33:
P=0 w=261 s=0-261
P=1 w=263 s=261-524
P=2 w=262 s=524-786
P=3 w=235 s=786-1021
P=4 w=28.7869 s=1021-1040
P=5 w=12.3353 s=1040-1042
P=6 w=20.4062 s=1042-1044
P=7 w=1087.12 s=1044-1167
P=8 w=198 s=1167-1365
P=9 w=261 s=1365-1626
P=10 w=262 s=1626-1888
P=11 w=263 s=1888-2151
P=12 w=263 s=2151-2414
P=13 w=262 s=2414-2676
P=14 w=263 s=2676-2939
P=15 w=261 s=2939-3200
Partition at step 34:
P=0 w=261 s=0-261
P=1 w=263 s=261-524
P=2 w=262 s=524-786
P=3 w=249 s=786-1035
P=4 w=1093.65 s=1035-1126
P=5 w=2.00004 s=1126-1128
P=6 w=2.00001 s=1128-1130
P=7 w=34 s=1130-1164
P=8 w=200 s=1164-1364
P=9 w=262 s=1364-1626
P=10 w=262 s=1626-1888
P=11 w=263 s=1888-2151
P=12 w=263 s=2151-2414
P=13 w=262 s=2414-2676
P=14 w=263 s=2676-2939
P=15 w=261 s=2939-3200
Partition at step 35:
P=0 w=261 s=0-261
P=1 w=263 s=261-524
P=2 w=262 s=524-786
P=3 w=256 s=786-1042
P=4 w=51.0498 s=1042-1093
P=5 w=2.10417 s=1093-1095
P=6 w=2.28746 s=1095-1097
P=7 w=985.279 s=1097-1132
P=8 w=282.931 s=1132-1363
P=9 w=263 s=1363-1626
P=10 w=262 s=1626-1888
P=11 w=263 s=1888-2151
P=12 w=263 s=2151-2414
P=13 w=262 s=2414-2676
P=14 w=263 s=2676-2939
P=15 w=261 s=2939-3200
Partition at step 36:
P=0 w=261 s=0-261
P=1 w=263 s=261-524
P=2 w=262 s=524-786
P=3 w=260 s=786-1046
P=4 w=1159.65 s=1046-1203
P=5 w=120 s=1203-1323
P=6 w=98 s=1323-1421
P=7 w=2 s=1421-1423
P=8 w=2 s=1423-1425
P=9 w=201 s=1425-1626
P=10 w=262 s=1626-1888
P=11 w=263 s=1888-2151
P=12 w=263 s=2151-2414
P=13 w=262 s=2414-2676
P=14 w=263 s=2676-2939
P=15 w=261 s=2939-3200
Partition at step 37:
P=0 w=261 s=0-261
P=1 w=263 s=261-524
P=2 w=262 s=524-786
P=3 w=262 s=786-1048
P=4 w=95 s=1048-1143
P=5 w=2.00001 s=1143-1145
P=6 w=2.00004 s=1145-1147
P=7 w=1116.65 s=1147-1261
P=8 w=133 s=1261-1394
P=9 w=232 s=1394-1626
P=10 w=262 s=1626-1888
P=11 w=263 s=1888-2151
P=12 w=263 s=2151-2414
P=13 w=262 s=2414-2676
P=14 w=263 s=2676-2939
P=15 w=261 s=2939-3200
Partition at step 38:
P=0 w=261 s=0-261
P=1 w=263 s=261-524
P=2 w=262 s=524-786
P=3 w=263 s=786-1049
P=4 w=1129.72 s=1049-1228
P=5 w=183.931 s=1228-1360
P=6 w=132 s=1360-1492
P=7 w=2 s=1492-1494
P=8 w=2 s=1494-1496
P=9 w=130 s=1496-1626
P=10 w=262 s=1626-1888
P=11 w=263 s=1888-2151
P=12 w=263 s=2151-2414
P=13 w=262 s=2414-2676
P=14 w=263 s=2676-2939
P=15 w=261 s=2939-3200
Partition at step 39:
P=0 w=261 s=0-261
P=1 w=263 s=261-524
P=2 w=262 s=524-786
P=3 w=263 s=786-1049
P=4 w=111 s=1049-1160
P=5 w=2 s=1160-1162
P=6 w=3 s=1162-1165
P=7 w=1134.65 s=1165-1297
P=8 w=132 s=1297-1429
P=9 w=197 s=1429-1626
P=10 w=262 s=1626-1888
P=11 w=263 s=1888-2151
P=12 w=263 s=2151-2414
P=13 w=262 s=2414-2676
P=14 w=263 s=2676-2939
P=15 w=261 s=2939-3200
Partition at step 40:
P=0 w=261 s=0-261
P=1 w=263 s=261-524
P=2 w=262 s=524-786
P=3 w=263 s=786-1049
P=4 w=187 s=1049-1236
P=5 w=1134.65 s=1236-1368
P=6 w=133 s=1368-1501
P=7 w=2 s=1501-1503
P=8 w=2 s=1503-1505
P=9 w=121 s=1505-1626
P=10 w=262 s=1626-1888
P=11 w=263 s=1888-2151
P=12 w=263 s=2151-2414
P=13 w=262 s=2414-2676
P=14 w=263 s=2676-2939
P=15 w=261 s=2939-3200
Partition at step 41:
P=0 w=261 s=0-261
P=1 w=263 s=261-524
P=2 w=262 s=524-786
P=3 w=263 s=786-1049
P=4 w=225 s=1049-1274
P=5 w=961.041 s=1274-1322
P=6 w=39.679 s=1322-1324
P=7 w=25.8407 s=1324-1326
P=8 w=136.091 s=1326-1434
P=9 w=192 s=1434-1626
P=10 w=262 s=1626-1888
P=11 w=263 s=1888-2151
P=12 w=263 s=2151-2414
P=13 w=262 s=2414-2676
P=14 w=263 s=2676-2939
P=15 w=261 s=2939-3200
Partition at step 42:
P=0 w=261 s=0-261
P=1 w=263 s=261-524
P=2 w=262 s=524-786
P=3 w=263 s=786-1049
P=4 w=244 s=1049-1293
P=5 w=13 s=1293-1306
P=6 w=8.00791 s=1306-1314
P=7 w=5.14602 s=1314-1319
P=8 w=1089.5 s=1319-1406
P=9 w=220 s=1406-1626
P=10 w=262 s=1626-1888
P=11 w=263 s=1888-2151
P=12 w=263 s=2151-2414
P=13 w=262 s=2414-2676
P=14 w=263 s=2676-2939
P=15 w=261 s=2939-3200
Partition at step 43:
P=0 w=261 s=0-261
P=1 w=263 s=261-524
P=2 w=262 s=524-786
P=3 w=263 s=786-1049
P=4 w=254 s=1049-1303
P=5 w=1139.65 s=1303-1440
P=6 w=136 s=1440-1576
P=7 w=122 s=1576-1698
P=8 w=2 s=1698-1700
P=9 w=2 s=1700-1702
P=10 w=186 s=1702-1888
P=11 w=263 s=1888-2151
P=12 w=263 s=2151-2414
P=13 w=262 s=2414-2676
P=14 w=263 s=2676-2939
P=15 w=261 s=2939-3200
Partition at step 44:
P=0 w=261 s=0-261
P=1 w=263 s=261-524
P=2 w=262 s=524-786
P=3 w=263 s=786-1049
P=4 w=259 s=1049-1308
P=5 w=81.8615 s=1308-1388
P=6 w=4.56637 s=1388-1390
P=7 w=94.1824 s=1390-1399
P=8 w=1045.04 s=1399-1531
P=9 w=133 s=1531-1664
P=10 w=224 s=1664-1888
P=11 w=263 s=1888-2151
P=12 w=263 s=2151-2414
P=13 w=262 s=2414-2676
P=14 w=263 s=2676-2939
P=15 w=261 s=2939-3200
Partition at step 45:
P=0 w=261 s=0-261
P=1 w=263 s=261-524
P=2 w=262 s=524-786
P=3 w=263 s=786-1049
P=4 w=261 s=1049-1310
P=5 w=1170.65 s=1310-1478
P=6 w=9.00006 s=1478-1487
P=7 w=2 s=1487-1489
P=8 w=32 s=1489-1521
P=9 w=124 s=1521-1645
P=10 w=243 s=1645-1888
P=11 w=263 s=1888-2151
P=12 w=263 s=2151-2414
P=13 w=262 s=2414-2676
P=14 w=263 s=2676-2939
P=15 w=261 s=2939-3200
Partition at step 46:
P=0 w=261 s=0-261
P=1 w=263 s=261-524
P=2 w=262 s=524-786
P=3 w=263 s=786-1049
P=4 w=262 s=1049-1311
P=5 w=103 s=1311-1414
P=6 w=2 s=1414-1416
P=7 w=2 s=1416-1418
P=8 w=24.0079 s=1418-1442
P=9 w=1195.64 s=1442-1635
P=10 w=253 s=1635-1888
P=11 w=263 s=1888-2151
P=12 w=263 s=2151-2414
P=13 w=262 s=2414-2676
P=14 w=263 s=2676-2939
P=15 w=261 s=2939-3200
Partition at step 47:
P=0 w=261 s=0-261
P=1 w=263 s=261-524
P=2 w=262 s=524-786
P=3 w=263 s=786-1049
P=4 w=263 s=1049-1312
P=5 w=250.8 s=1312-1494
P=6 w=1066.85 s=1494-1627
P=7 w=132 s=1627-1759
P=8 w=143 s=1759-1902
P=9 w=2 s=1902-1904
P=10 w=2 s=1904-1906
P=11 w=245 s=1906-2151
P=12 w=263 s=2151-2414
P=13 w=262 s=2414-2676
P=14 w=263 s=2676-2939
P=15 w=261 s=2939-3200
Partition at step 48:
P=0 w=261 s=0-261
P=1 w=263 s=261-524
P=2 w=262 s=524-786
P=3 w=263 s=786-1049
P=4 w=263 s=1049-1312
P=5 w=186 s=1312-1498
P=6 w=1082.65 s=1498-1578
P=7 w=2 s=1578-1580
P=8 w=52 s=1580-1632
P=9 w=133 s=1632-1765
P=10 w=132 s=1765-1897
P=11 w=254 s=1897-2151
P=12 w=263 s=2151-2414
P=13 w=262 s=2414-2676
P=14 w=263 s=2676-2939
P=15 w=261 s=2939-3200
Partition at step 49:
P=0 w=261 s=0-261
P=1 w=263 s=261-524
P=2 w=262 s=524-786
P=3 w=263 s=786-1049
P=4 w=263 s=1049-1312
P=5 w=224.002 s=1312-1536
P=6 w=21.6412 s=1536-1551
P=7 w=9.51688 s=1551-1553
P=8 w=15.9304 s=1553-1555
P=9 w=1114.56 s=1555-1695
P=10 w=197 s=1695-1892
P=11 w=259 s=1892-2151
P=12 w=263 s=2151-2414
P=13 w=262 s=2414-2676
P=14 w=263 s=2676-2939
P=15 w=261 s=2939-3200
Partition at step 50:
P=0 w=261 s=0-261
P=1 w=263 s=261-524
P=2 w=262 s=524-786
P=3 w=263 s=786-1049
P=4 w=263 s=1049-1312
P=5 w=243 s=1312-1555
P=6 w=1095.65 s=1555-1648
P=7 w=2 s=1648-1650
P=8 w=2 s=1650-1652
P=9 w=39 s=1652-1691
P=10 w=199 s=1691-1890
P=11 w=261 s=1890-2151
P=12 w=263 s=2151-2414
P=13 w=262 s=2414-2676
P=14 w=263 s=2676-2939
P=15 w=261 s=2939-3200
Partition at step 51:
P=0 w=261 s=0-261
P=1 w=263 s=261-524
P=2 w=262 s=524-786
P=3 w=263 s=786-1049
P=4 w=263 s=1049-1312
P=5 w=253 s=1312-1565
P=6 w=53.4279 s=1565-1614
P=7 w=7.35931 s=1614-1616
P=8 w=12.3353 s=1616-1618
P=9 w=1022.37 s=1618-1658
P=10 w=231.154 s=1658-1889
P=11 w=262 s=1889-2151
P=12 w=263 s=2151-2414
P=13 w=262 s=2414-2676
P=14 w=263 s=2676-2939
P=15 w=261 s=2939-3200
Partition at step 52:
P=0 w=261 s=0-261
P=1 w=263 s=261-524
P=2 w=262 s=524-786
P=3 w=263 s=786-1049
P=4 w=263 s=1049-1312
P=5 w=258 s=1312-1570
P=6 w=1146.65 s=1570-1714
P=7 w=2 s=1714-1716
P=8 w=2 s=1716-1718
P=9 w=2 s=1718-1720
P=10 w=168 s=1720-1888
P=11 w=263 s=1888-2151
P=12 w=263 s=2151-2414
P=13 w=262 s=2414-2676
P=14 w=263 s=2676-2939
P=15 w=261 s=2939-3200
Partition at step 53:
P=0 w=261 s=0-261
P=1 w=263 s=261-524
P=2 w=262 s=524-786
P=3 w=263 s=786-1049
P=4 w=263 s=1049-1312
P=5 w=260 s=1312-1572
P=6 w=87.0001 s=1572-1659
P=7 w=2.0002 s=1659-1661
P=8 w=2.00081 s=1661-1663
P=9 w=10.4403 s=1663-1673
P=10 w=1217.21 s=1673-1888
P=11 w=263 s=1888-2151
P=12 w=263 s=2151-2414
P=13 w=262 s=2414-2676
P=14 w=263 s=2676-2939
P=15 w=261 s=2939-3200
Partition at step 54:
P=0 w=261 s=0-261
P=1 w=263 s=261-524
P=2 w=262 s=524-786
P=3 w=263 s=786-1049
P=4 w=263 s=1049-1312
P=5 w=261 s=1312-1573
P=6 w=1174.75 s=1573-1748
P=7 w=135.898 s=1748-1881
P=8 w=132 s=1881-2013
P=9 w=116 s=2013-2129
P=10 w=2 s=2129-2131
P=11 w=20 s=2131-2151
P=12 w=263 s=2151-2414
P=13 w=262 s=2414-2676
P=14 w=263 s=2676-2939
P=15 w=261 s=2939-3200
Partition at step 55:
P=0 w=261 s=0-261
P=1 w=263 s=261-524
P=2 w=262 s=524-786
P=3 w=263 s=786-1049
P=4 w=263 s=1049-1312
P=5 w=262 s=1312-1574
P=6 w=107 s=1574-1681
P=7 w=2 s=1681-1683
P=8 w=5 s=1683-1688
P=9 w=1191.65 s=1688-1877
P=10 w=132 s=1877-2009
P=11 w=142 s=2009-2151
P=12 w=263 s=2151-2414
P=13 w=262 s=2414-2676
P=14 w=263 s=2676-2939
P=15 w=261 s=2939-3200
Partition at step 56:
P=0 w=261 s=0-261
P=1 w=263 s=261-524
P=2 w=262 s=524-786
P=3 w=263 s=786-1049
P=4 w=263 s=1049-1312
P=5 w=262 s=1312-1574
P=6 w=185.001 s=1574-1759
P=7 w=1135.65 s=1759-1892
P=8 w=133 s=1892-2025
P=9 w=2 s=2025-2027
P=10 w=2 s=2027-2029
P=11 w=122 s=2029-2151
P=12 w=263 s=2151-2414
P=13 w=262 s=2414-2676
P=14 w=263 s=2676-2939
P=15 w=261 s=2939-3200
Partition at step 57:
P=0 w=261 s=0-261
P=1 w=263 s=261-524
P=2 w=262 s=524-786
P=3 w=263 s=786-1049
P=4 w=263 s=1049-1312
P=5 w=262 s=1312-1574
P=6 w=224.088 s=1574-1798
P=7 w=1049.39 s=1798-1846
P=8 w=2.7325 s=1846-1848
P=9 w=2.28746 s=1848-1850
P=10 w=108.154 s=1850-1958
P=11 w=193 s=1958-2151
P=12 w=263 s=2151-2414
P=13 w=262 s=2414-2676
P=14 w=263 s=2676-2939
P=15 w=261 s=2939-3200
Partition at step 58:
P=0 w=261 s=0-261
P=1 w=263 s=261-524
P=2 w=262 s=524-786
P=3 w=263 s=786-1049
P=4 w=263 s=1049-1312
P=5 w=262 s=1312-1574
P=6 w=244 s=1574-1818
P=7 w=11.0498 s=1818-1829
P=8 w=2.10417 s=1829-1831
P=9 w=2.28746 s=1831-1833
P=10 w=1092.21 s=1833-1923
P=11 w=228 s=1923-2151
P=12 w=263 s=2151-2414
P=13 w=262 s=2414-2676
P=14 w=263 s=2676-2939
P=15 w=261 s=2939-3200
Partition at step 59:
P=0 w=261 s=0-261
P=1 w=263 s=261-524
P=2 w=262 s=524-786
P=3 w=263 s=786-1049
P=4 w=263 s=1049-1312
P=5 w=262 s=1312-1574
P=6 w=254 s=1574-1828
P=7 w=1138.65 s=1828-1964
P=8 w=120 s=1964-2084
P=9 w=95 s=2084-2179
P=10 w=2 s=2179-2181
P=11 w=2 s=2181-2183
P=12 w=231 s=2183-2414
P=13 w=262 s=2414-2676
P=14 w=263 s=2676-2939
P=15 w=261 s=2939-3200
Partition at step 60:
P=0 w=261 s=0-261
P=1 w=263 s=261-524
P=2 w=262 s=524-786
P=3 w=263 s=786-1049
P=4 w=263 s=1049-1312
P=5 w=262 s=1312-1574
P=6 w=259 s=1574-1833
P=7 w=224.603 s=1833-1913
P=8 w=76.1219 s=1913-1915
P=9 w=94.2602 s=1915-1917
P=10 w=808.666 s=1917-2034
P=11 w=133 s=2034-2167
P=12 w=247 s=2167-2414
P=13 w=262 s=2414-2676
P=14 w=263 s=2676-2939
P=15 w=261 s=2939-3200
Partition at step 61:
P=0 w=261 s=0-261
P=1 w=263 s=261-524
P=2 w=262 s=524-786
P=3 w=263 s=786-1049
P=4 w=263 s=1049-1312
P=5 w=262 s=1312-1574
P=6 w=261 s=1574-1835
P=7 w=85.0021 s=1835-1920
P=8 w=2.00581 s=1920-1922
P=9 w=2.01957 s=1922-1924
P=10 w=1102.62 s=1924-2024
P=11 w=135 s=2024-2159
P=12 w=255 s=2159-2414
P=13 w=262 s=2414-2676
P=14 w=263 s=2676-2939
P=15 w=261 s=2939-3200
Partition at step 62:
P=0 w=261 s=0-261
P=1 w=263 s=261-524
P=2 w=262 s=524-786
P=3 w=263 s=786-1049
P=4 w=263 s=1049-1312
P=5 w=262 s=1312-1574
P=6 w=262 s=1574-1836
P=7 w=1176.5 s=1836-2010
P=8 w=132.154 s=2010-2142
P=9 w=129 s=2142-2271
P=10 w=2 s=2271-2273
P=11 w=2 s=2273-2275
P=12 w=139 s=2275-2414
P=13 w=262 s=2414-2676
P=14 w=263 s=2676-2939
P=15 w=261 s=2939-3200
Partition at step 63:
P=0 w=261 s=0-261
P=1 w=263 s=261-524
P=2 w=262 s=524-786
P=3 w=263 s=786-1049
P=4 w=263 s=1049-1312
P=5 w=262 s=1312-1574
P=6 w=263 s=1574-1837
P=7 w=106 s=1837-1943
P=8 w=2 s=1943-1945
P=9 w=3 s=1945-1948
P=10 w=1134.65 s=1948-2080
P=11 w=133 s=2080-2213
P=12 w=201 s=2213-2414
P=13 w=262 s=2414-2676
P=14 w=263 s=2676-2939
P=15 w=261 s=2939-3200
Partition at step 64:
P=0 w=261 s=0-261
P=1 w=263 s=261-524
P=2 w=262 s=524-786
P=3 w=263 s=786-1049
P=4 w=263 s=1049-1312
P=5 w=262 s=1312-1574
P=6 w=263 s=1574-1837
P=7 w=185.088 s=1837-2022
P=8 w=1134.56 s=2022-2154
P=9 w=133 s=2154-2287
P=10 w=2 s=2287-2289
P=11 w=2 s=2289-2291
P=12 w=123 s=2291-2414
P=13 w=262 s=2414-2676
P=14 w=263 s=2676-2939
P=15 w=261 s=2939-3200
Partition at step 65:
P=0 w=261 s=0-261
P=1 w=263 s=261-524
P=2 w=262 s=524-786
P=3 w=263 s=786-1049
P=4 w=263 s=1049-1312
P=5 w=262 s=1312-1574
P=6 w=263 s=1574-1837
P=7 w=226.898 s=1837-2061
P=8 w=1046.7 s=2061-2108
P=9 w=2.03486 s=2108-2110
P=10 w=2.01077 s=2110-2112
P=11 w=109.004 s=2112-2221
P=12 w=193 s=2221-2414
P=13 w=262 s=2414-2676
P=14 w=263 s=2676-2939
P=15 w=261 s=2939-3200
Partition at step 66:
P=0 w=261 s=0-261
P=1 w=263 s=261-524
P=2 w=262 s=524-786
P=3 w=263 s=786-1049
P=4 w=263 s=1049-1312
P=5 w=262 s=1312-1574
P=6 w=263 s=1574-1837
P=7 w=242.001 s=1837-2079
P=8 w=14.8604 s=2079-2092
P=9 w=4.56637 s=2092-2094
P=10 w=7.35931 s=2094-2096
P=11 w=1082.86 s=2096-2186
P=12 w=228 s=2186-2414
P=13 w=262 s=2414-2676
P=14 w=263 s=2676-2939
P=15 w=261 s=2939-3200
Partition at step 67:
P=0 w=261 s=0-261
P=1 w=263 s=261-524
P=2 w=262 s=524-786
P=3 w=263 s=786-1049
P=4 w=263 s=1049-1312
P=5 w=262 s=1312-1574
P=6 w=263 s=1574-1837
P=7 w=253 s=1837-2090
P=8 w=1122.65 s=2090-2210
P=9 w=2 s=2210-2212
P=10 w=2 s=2212-2214
P=11 w=2 s=2214-2216
P=12 w=198 s=2216-2414
P=13 w=262 s=2414-2676
P=14 w=263 s=2676-2939
P=15 w=261 s=2939-3200
Partition at step 68:
P=0 w=261 s=0-261
P=1 w=263 s=261-524
P=2 w=262 s=524-786
P=3 w=263 s=786-1049
P=4 w=263 s=1049-1312
P=5 w=262 s=1312-1574
P=6 w=263 s=1574-1837
P=7 w=258 s=1837-2095
P=8 w=121.931 s=2095-2165
P=9 w=39.679 s=2165-2167
P=10 w=56.9931 s=2167-2169
P=11 w=692.789 s=2169-2183
P=12 w=410.259 s=2183-2414
P=13 w=262 s=2414-2676
P=14 w=263 s=2676-2939
P=15 w=261 s=2939-3200
Partition at step 69:
P=0 w=261 s=0-261
P=1 w=263 s=261-524
P=2 w=262 s=524-786
P=3 w=263 s=786-1049
P=4 w=263 s=1049-1312
P=5 w=262 s=1312-1574
P=6 w=263 s=1574-1837
P=7 w=261 s=1837-2098
P=8 w=526.036 s=2098-2207
P=9 w=114.574 s=2207-2209
P=10 w=112.356 s=2209-2211
P=11 w=101.904 s=2211-2213
P=12 w=463.781 s=2213-2414
P=13 w=262 s=2414-2676
P=14 w=263 s=2676-2939
P=15 w=261 s=2939-3200
Partition at step 70:
P=0 w=261 s=0-261
P=1 w=263 s=261-524
P=2 w=262 s=524-786
P=3 w=263 s=786-1049
P=4 w=263 s=1049-1312
P=5 w=262 s=1312-1574
P=6 w=263 s=1574-1837
P=7 w=262 s=1837-2099
P=8 w=82 s=2099-2181
P=9 w=28.0041 s=2181-2209
P=10 w=2.01077 s=2209-2211
P=11 w=3.07346 s=2211-2214
P=12 w=1202.56 s=2214-2414
P=13 w=262 s=2414-2676
P=14 w=263 s=2676-2939
P=15 w=261 s=2939-3200
Partition at step 71:
P=0 w=261 s=0-261
P=1 w=263 s=261-524
P=2 w=262 s=524-786
P=3 w=263 s=786-1049
P=4 w=263 s=1049-1312
P=5 w=262 s=1312-1574
P=6 w=263 s=1574-1837
P=7 w=263 s=1837-2100
P=8 w=645.041 s=2100-2272
P=9 w=674.61 s=2272-2417
P=10 w=131 s=2417-2548
P=11 w=123 s=2548-2671
P=12 w=2 s=2671-2673
P=13 w=3 s=2673-2676
P=14 w=263 s=2676-2939
P=15 w=261 s=2939-3200
Partition at step 72:
P=0 w=261 s=0-261
P=1 w=263 s=261-524
P=2 w=262 s=524-786
P=3 w=263 s=786-1049
P=4 w=263 s=1049-1312
P=5 w=262 s=1312-1574
P=6 w=263 s=1574-1837
P=7 w=263 s=1837-2100
P=8 w=122 s=2100-2222
P=9 w=1112.6 s=2222-2332
P=10 w=2.03486 s=2332-2334
P=11 w=77.0149 s=2334-2411
P=12 w=132 s=2411-2543
P=13 w=133 s=2543-2676
P=14 w=263 s=2676-2939
P=15 w=261 s=2939-3200
Partition at step 73:
P=0 w=261 s=0-261
P=1 w=263 s=261-524
P=2 w=262 s=524-786
P=3 w=263 s=786-1049
P=4 w=263 s=1049-1312
P=5 w=262 s=1312-1574
P=6 w=263 s=1574-1837
P=7 w=263 s=1837-2100
P=8 w=192 s=2100-2292
P=9 w=6.00003 s=2292-2298
P=10 w=2.00009 s=2298-2300
P=11 w=2.0004 s=2300-2302
P=12 w=1178.65 s=2302-2478
P=13 w=198 s=2478-2676
P=14 w=263 s=2676-2939
P=15 w=261 s=2939-3200
Partition at step 74:
P=0 w=261 s=0-261
P=1 w=263 s=261-524
P=2 w=262 s=524-786
P=3 w=263 s=786-1049
P=4 w=263 s=1049-1312
P=5 w=262 s=1312-1574
P=6 w=263 s=1574-1837
P=7 w=263 s=1837-2100
P=8 w=227 s=2100-2327
P=9 w=1137.65 s=2327-2462
P=10 w=132 s=2462-2594
P=11 w=132 s=2594-2726
P=12 w=2 s=2726-2728
P=13 w=2 s=2728-2730
P=14 w=209 s=2730-2939
P=15 w=261 s=2939-3200
Partition at step 75:
P=0 w=261 s=0-261
P=1 w=263 s=261-524
P=2 w=262 s=524-786
P=3 w=263 s=786-1049
P=4 w=263 s=1049-1312
P=5 w=262 s=1312-1574
P=6 w=263 s=1574-1837
P=7 w=263 s=1837-2100
P=8 w=245 s=2100-2345
P=9 w=1032.12 s=2345-2413
P=10 w=20.4062 s=2413-2415
P=11 w=43.1224 s=2415-2438
P=12 w=133 s=2438-2571
P=13 w=132 s=2571-2703
P=14 w=236 s=2703-2939
P=15 w=261 s=2939-3200
Partition at step 76:
P=0 w=261 s=0-261
P=1 w=263 s=261-524
P=2 w=262 s=524-786
P=3 w=263 s=786-1049
P=4 w=263 s=1049-1312
P=5 w=262 s=1312-1574
P=6 w=263 s=1574-1837
P=7 w=263 s=1837-2100
P=8 w=254 s=2100-2354
P=9 w=35 s=2354-2389
P=10 w=2 s=2389-2391
P=11 w=2.00001 s=2391-2393
P=12 w=1101.65 s=2393-2492
P=13 w=197 s=2492-2689
P=14 w=250 s=2689-2939
P=15 w=261 s=2939-3200
Partition at step 77:
P=0 w=261 s=0-261
P=1 w=263 s=261-524
P=2 w=262 s=524-786
P=3 w=263 s=786-1049
P=4 w=263 s=1049-1312
P=5 w=262 s=1312-1574
P=6 w=263 s=1574-1837
P=7 w=263 s=1837-2100
P=8 w=258 s=2100-2358
P=9 w=1151.65 s=2358-2507
P=10 w=133 s=2507-2640
P=11 w=132 s=2640-2772
P=12 w=2 s=2772-2774
P=13 w=2 s=2774-2776
P=14 w=163 s=2776-2939
P=15 w=261 s=2939-3200
Partition at step 78:
P=0 w=261 s=0-261
P=1 w=263 s=261-524
P=2 w=262 s=524-786
P=3 w=263 s=786-1049
P=4 w=263 s=1049-1312
P=5 w=262 s=1312-1574
P=6 w=263 s=1574-1837
P=7 w=263 s=1837-2100
P=8 w=260 s=2100-2360
P=9 w=90 s=2360-2450
P=10 w=2 s=2450-2452
P=11 w=9.00025 s=2452-2461
P=12 w=1135.65 s=2461-2594
P=13 w=132 s=2594-2726
P=14 w=213 s=2726-2939
P=15 w=261 s=2939-3200
Partition at step 79:
P=0 w=261 s=0-261
P=1 w=263 s=261-524
P=2 w=262 s=524-786
P=3 w=263 s=786-1049
P=4 w=263 s=1049-1312
P=5 w=262 s=1312-1574
P=6 w=263 s=1574-1837
P=7 w=263 s=1837-2100
P=8 w=261 s=2100-2361
P=9 w=1090.04 s=2361-2538
P=10 w=221.61 s=2538-2670
P=11 w=136 s=2670-2806
P=12 w=2 s=2806-2808
P=13 w=2 s=2808-2810
P=14 w=129 s=2810-2939
P=15 w=261 s=2939-3200
Partition at step 80:
P=0 w=261 s=0-261
P=1 w=263 s=261-524
P=2 w=262 s=524-786
P=3 w=263 s=786-1049
P=4 w=263 s=1049-1312
P=5 w=262 s=1312-1574
P=6 w=263 s=1574-1837
P=7 w=263 s=1837-2100
P=8 w=262 s=2100-2362
P=9 w=110 s=2362-2472
P=10 w=2 s=2472-2474
P=11 w=4 s=2474-2478
P=12 w=1135.65 s=2478-2611
P=13 w=132 s=2611-2743
P=14 w=196 s=2743-2939
P=15 w=261 s=2939-3200
Partition at step 81:
P=0 w=261 s=0-261
P=1 w=263 s=261-524
P=2 w=262 s=524-786
P=3 w=263 s=786-1049
P=4 w=263 s=1049-1312
P=5 w=262 s=1312-1574
P=6 w=263 s=1574-1837
P=7 w=263 s=1837-2100
P=8 w=262 s=2100-2362
P=9 w=187 s=2362-2549
P=10 w=1134.65 s=2549-2681
P=11 w=133 s=2681-2814
P=12 w=2 s=2814-2816
P=13 w=2 s=2816-2818
P=14 w=121 s=2818-2939
P=15 w=261 s=2939-3200
Partition at step 82:
P=0 w=261 s=0-261
P=1 w=263 s=261-524
P=2 w=262 s=524-786
P=3 w=263 s=786-1049
P=4 w=263 s=1049-1312
P=5 w=262 s=1312-1574
P=6 w=263 s=1574-1837
P=7 w=263 s=1837-2100
P=8 w=262 s=2100-2362
P=9 w=225 s=2362-2587
P=10 w=981.851 s=2587-2635
P=11 w=32.2712 s=2635-2637
P=12 w=20.4062 s=2637-2639
P=13 w=128.122 s=2639-2747
P=14 w=192 s=2747-2939
P=15 w=261 s=2939-3200
Partition at step 83:
P=0 w=261 s=0-261
P=1 w=263 s=261-524
P=2 w=262 s=524-786
P=3 w=263 s=786-1049
P=4 w=263 s=1049-1312
P=5 w=262 s=1312-1574
P=6 w=263 s=1574-1837
P=7 w=263 s=1837-2100
P=8 w=262 s=2100-2362
P=9 w=244 s=2362-2606
P=10 w=13.0001 s=2606-2619
P=11 w=5.00206 s=2619-2624
P=12 w=5.04766 s=2624-2629
P=13 w=1090.6 s=2629-2717
P=14 w=222 s=2717-2939
P=15 w=261 s=2939-3200
Partition at step 84:
P=0 w=261 s=0-261
P=1 w=263 s=261-524
P=2 w=262 s=524-786
P=3 w=263 s=786-1049
P=4 w=263 s=1049-1312
P=5 w=262 s=1312-1574
P=6 w=263 s=1574-1837
P=7 w=263 s=1837-2100
P=8 w=262 s=2100-2362
P=9 w=254 s=2362-2616
P=10 w=1140.65 s=2616-2754
P=11 w=133 s=2754-2887
P=12 w=131 s=2887-3018
P=13 w=2 s=3018-3020
P=14 w=2 s=3020-3022
P=15 w=178 s=3022-3200
Partition at step 85:
P=0 w=261 s=0-261
P=1 w=263 s=261-524
P=2 w=262 s=524-786
P=3 w=263 s=786-1049
P=4 w=263 s=1049-1312
P=5 w=262 s=1312-1574
P=6 w=263 s=1574-1837
P=7 w=263 s=1837-2100
P=8 w=262 s=2100-2362
P=9 w=259 s=2362-2621
P=10 w=85.4279 s=2621-2702
P=11 w=7.35931 s=2702-2704
P=12 w=264.994 s=2704-2716
P=13 w=871.87 s=2716-2848
P=14 w=132 s=2848-2980
P=15 w=220 s=2980-3200
Partition at step 86:
P=0 w=261 s=0-261
P=1 w=263 s=261-524
P=2 w=262 s=524-786
P=3 w=263 s=786-1049
P=4 w=263 s=1049-1312
P=5 w=262 s=1312-1574
P=6 w=263 s=1574-1837
P=7 w=263 s=1837-2100
P=8 w=262 s=2100-2362
P=9 w=261 s=2362-2623
P=10 w=1167.65 s=2623-2788
P=11 w=2.0002 s=2788-2790
P=12 w=2.00004 s=2790-2792
P=13 w=43 s=2792-2835
P=14 w=124 s=2835-2959
P=15 w=241 s=2959-3200
Partition at step 87:
P=0 w=261 s=0-261
P=1 w=263 s=261-524
P=2 w=262 s=524-786
P=3 w=263 s=786-1049
P=4 w=263 s=1049-1312
P=5 w=262 s=1312-1574
P=6 w=263 s=1574-1837
P=7 w=263 s=1837-2100
P=8 w=262 s=2100-2362
P=9 w=262 s=2362-2624
P=10 w=101 s=2624-2725
P=11 w=2 s=2725-2727
P=12 w=2 s=2727-2729
P=13 w=26.0149 s=2729-2755
P=14 w=1196.64 s=2755-2949
P=15 w=251 s=2949-3200
Partition at step 88:
P=0 w=261 s=0-261
P=1 w=263 s=261-524
P=2 w=262 s=524-786
P=3 w=263 s=786-1049
P=4 w=263 s=1049-1312
P=5 w=262 s=1312-1574
P=6 w=263 s=1574-1837
P=7 w=263 s=1837-2100
P=8 w=262 s=2100-2362
P=9 w=263 s=2362-2625
P=10 w=271.61 s=2625-2807
P=11 w=1045.04 s=2807-2939
P=12 w=132 s=2939-3071
P=13 w=129 s=3071-3200
P=14 w=0 s=3200-3200
P=15 w=0 s=3200-3200
Partition at step 89:
P=0 w=261 s=0-261
P=1 w=263 s=261-524
P=2 w=262 s=524-786
P=3 w=263 s=786-1049
P=4 w=263 s=1049-1312
P=5 w=262 s=1312-1574
P=6 w=263 s=1574-1837
P=7 w=263 s=1837-2100
P=8 w=262 s=2100-2362
P=9 w=263 s=2362-2625
P=10 w=180 s=2625-2805
P=11 w=1087.65 s=2805-2890
P=12 w=2 s=2890-2892
P=13 w=46 s=2892-2938
P=14 w=2 s=2938-2940
P=15 w=260 s=2940-3200
Partition at step 90:
P=0 w=261 s=0-261
P=1 w=263 s=261-524
P=2 w=262 s=524-786
P=3 w=263 s=786-1049
P=4 w=263 s=1049-1312
P=5 w=262 s=1312-1574
P=6 w=263 s=1574-1837
P=7 w=263 s=1837-2100
P=8 w=262 s=2100-2362
P=9 w=263 s=2362-2625
P=10 w=222.001 s=2625-2847
P=11 w=19.4268 s=2847-2862
P=12 w=7.35931 s=2862-2864
P=13 w=12.3353 s=2864-2866
P=14 w=1055.53 s=2866-2939
P=15 w=261 s=2939-3200
Partition at step 91:
P=0 w=261 s=0-261
P=1 w=263 s=261-524
P=2 w=262 s=524-786
P=3 w=263 s=786-1049
P=4 w=263 s=1049-1312
P=5 w=262 s=1312-1574
P=6 w=263 s=1574-1837
P=7 w=263 s=1837-2100
P=8 w=262 s=2100-2362
P=9 w=263 s=2362-2625
P=10 w=243 s=2625-2868
P=11 w=1106.65 s=2868-2972
P=12 w=2 s=2972-2974
P=13 w=2 s=2974-2976
P=14 w=2 s=2976-2978
P=15 w=222 s=2978-3200
Partition at step 92:
P=0 w=261 s=0-261
P=1 w=263 s=261-524
P=2 w=262 s=524-786
P=3 w=263 s=786-1049
P=4 w=263 s=1049-1312
P=5 w=262 s=1312-1574
P=6 w=263 s=1574-1837
P=7 w=263 s=1837-2100
P=8 w=262 s=2100-2362
P=9 w=263 s=2362-2625
P=10 w=253 s=2625-2878
P=11 w=124.8 s=2878-2934
P=12 w=47.9754 s=2934-2936
P=13 w=66.4835 s=2936-2938
P=14 w=815.302 s=2938-2958
P=15 w=270.091 s=2958-3200
Partition at step 93:
P=0 w=261 s=0-261
P=1 w=263 s=261-524
P=2 w=262 s=524-786
P=3 w=263 s=786-1049
P=4 w=263 s=1049-1312
P=5 w=262 s=1312-1574
P=6 w=263 s=1574-1837
P=7 w=263 s=1837-2100
P=8 w=262 s=2100-2362
P=9 w=263 s=2362-2625
P=10 w=258 s=2625-2883
P=11 w=173.61 s=2883-2967
P=12 w=56.9931 s=2967-2969
P=13 w=76.1219 s=2969-2971
P=14 w=94.2602 s=2971-2973
P=15 w=918.666 s=2973-3200
Partition at step 94:
P=0 w=261 s=0-261
P=1 w=263 s=261-524
P=2 w=262 s=524-786
P=3 w=263 s=786-1049
P=4 w=263 s=1049-1312
P=5 w=262 s=1312-1574
P=6 w=263 s=1574-1837
P=7 w=263 s=1837-2100
P=8 w=262 s=2100-2362
P=9 w=263 s=2362-2625
P=10 w=261 s=2625-2886
P=11 w=108.428 s=2886-2990
P=12 w=7.35931 s=2990-2992
P=13 w=12.3353 s=2992-2994
P=14 w=20.4062 s=2994-2996
P=15 w=1168.12 s=2996-3200
Partition at step 95:
P=0 w=261 s=0-261
P=1 w=263 s=261-524
P=2 w=262 s=524-786
P=3 w=263 s=786-1049
P=4 w=263 s=1049-1312
P=5 w=262 s=1312-1574
P=6 w=263 s=1574-1837
P=7 w=263 s=1837-2100
P=8 w=262 s=2100-2362
P=9 w=263 s=2362-2625
P=10 w=262 s=2625-2887
P=11 w=1180.39 s=2887-3065
P=12 w=2.17478 s=3065-3067
P=13 w=2.06087 s=3067-3069
P=14 w=2.01957 s=3069-3071
P=15 w=129.008 s=3071-3200
Partition at step 96:
P=0 w=261 s=0-261
P=1 w=263 s=261-524
P=2 w=262 s=524-786
P=3 w=263 s=786-1049
P=4 w=263 s=1049-1312
P=5 w=262 s=1312-1574
P=6 w=263 s=1574-1837
P=7 w=263 s=1837-2100
P=8 w=262 s=2100-2362
P=9 w=263 s=2362-2625
P=10 w=263 s=2625-2888
P=11 w=108 s=2888-2996
P=12 w=2 s=2996-2998
P=13 w=2 s=2998-3000
P=14 w=5 s=3000-3005
P=15 w=1197.65 s=3005-3200
Partition at step 97:
P=0 w=261 s=0-261
P=1 w=263 s=261-524
P=2 w=262 s=524-786
P=3 w=263 s=786-1049
P=4 w=263 s=1049-1312
P=5 w=262 s=1312-1574
P=6 w=263 s=1574-1837
P=7 w=263 s=1837-2100
P=8 w=262 s=2100-2362
P=9 w=263 s=2362-2625
P=10 w=263 s=2625-2888
P=11 w=185.004 s=2888-3073
P=12 w=1129.65 s=3073-3200
P=13 w=0 s=3200-3200
P=14 w=0 s=3200-3200
P=15 w=0 s=3200-3200
Partition at step 98:
P=0 w=261 s=0-261
P=1 w=263 s=261-524
P=2 w=262 s=524-786
P=3 w=263 s=786-1049
P=4 w=263 s=1049-1312
P=5 w=262 s=1312-1574
P=6 w=263 s=1574-1837
P=7 w=263 s=1837-2100
P=8 w=262 s=2100-2362
P=9 w=263 s=2362-2625
P=10 w=263 s=2625-2888
P=11 w=224.263 s=2888-3112
P=12 w=1043.49 s=3112-3156
P=13 w=3.72369 s=3156-3158
P=14 w=2.7325 s=3158-3160
P=15 w=40.4414 s=3160-3200
Partition at step 99:
P=0 w=261 s=0-261
P=1 w=263 s=261-524
P=2 w=262 s=524-786
P=3 w=263 s=786-1049
P=4 w=263 s=1049-1312
P=5 w=262 s=1312-1574
P=6 w=263 s=1574-1837
P=7 w=263 s=1837-2100
P=8 w=262 s=2100-2362
P=9 w=263 s=2362-2625
P=10 w=263 s=2625-2888
P=11 w=243 s=2888-3131
P=12 w=10.0497 s=3131-3141
P=13 w=2.10417 s=3141-3143
P=14 w=2.28746 s=3143-3145
P=15 w=1057.21 s=3145-3200
Partition at step 100:
P=0 w=261 s=0-261
P=1 w=263 s=261-524
P=2 w=262 s=524-786
P=3 w=263 s=786-1049
P=4 w=263 s=1049-1312
P=5 w=262 s=1312-1574
P=6 w=263 s=1574-1837
P=7 w=263 s=1837-2100
P=8 w=262 s=2100-2362
P=9 w=263 s=2362-2625
P=10 w=263 s=2625-2888
P=11 w=253 s=2888-3141
P=12 w=532.041 s=3141-3200
P=13 w=0 s=3200-3200
P=14 w=0 s=3200-3200
P=15 w=0 s=3200-3200
Total duration: 114.033
